<?xml version="1.0" encoding="UTF-8"?>
<testsuite xmlns:xsi="http://www.w3.org/2001/XMLSchema-instance" xsi:noNamespaceSchemaLocation="https://maven.apache.org/surefire/maven-surefire-plugin/xsd/surefire-test-report.xsd" name="com.bouteina.AppTest" time="0.103" tests="1" errors="0" skipped="0" failures="0">
  <properties>
    <property name="java.specification.version" value="13"/>
    <property name="sun.jnu.encoding" value="UTF-8"/>
    <property name="java.class.path" value="/Users/bouteina/Desktop/newmavenProject/FistMavenProject/target/test-classes:/Users/bouteina/Desktop/newmavenProject/FistMavenProject/target/classes:/Users/bouteina/.m2/repository/junit/junit/4.11/junit-4.11.jar:/Users/bouteina/.m2/repository/org/hamcrest/hamcrest-core/1.3/hamcrest-core-1.3.jar:/Users/bouteina/.m2/repository/org/openjfx/javafx-controls/13/javafx-controls-13.jar:/Users/bouteina/.m2/repository/org/openjfx/javafx-controls/13/javafx-controls-13-mac.jar:/Users/bouteina/.m2/repository/org/openjfx/javafx-graphics/13/javafx-graphics-13.jar:/Users/bouteina/.m2/repository/org/openjfx/javafx-graphics/13/javafx-graphics-13-mac.jar:/Users/bouteina/.m2/repository/org/openjfx/javafx-base/13/javafx-base-13.jar:/Users/bouteina/.m2/repository/org/openjfx/javafx-base/13/javafx-base-13-mac.jar:"/>
    <property name="java.vm.vendor" value="Oracle Corporation"/>
    <property name="sun.arch.data.model" value="64"/>
    <property name="java.vendor.url" value="https://java.oracle.com/"/>
    <property name="os.name" value="Mac OS X"/>
    <property name="java.vm.specification.version" value="13"/>
    <property name="sun.java.launcher" value="SUN_STANDARD"/>
    <property name="user.country" value="CA"/>
    <property name="sun.boot.library.path" value="/Library/Java/JavaVirtualMachines/jdk-13.0.1.jdk/Contents/Home/lib"/>
    <property name="sun.java.command" value="/Users/bouteina/Desktop/newmavenProject/FistMavenProject/target/surefire/surefirebooter537932640174565700.jar /Users/bouteina/Desktop/newmavenProject/FistMavenProject/target/surefire 2019-10-29T08-06-43_694-jvmRun1 surefire5073874861648518294tmp surefire_016921492815155828454tmp"/>
    <property name="http.nonProxyHosts" value="local|*.local|169.254/16|*.169.254/16"/>
    <property name="jdk.debug" value="release"/>
    <property name="surefire.test.class.path" value="/Users/bouteina/Desktop/newmavenProject/FistMavenProject/target/test-classes:/Users/bouteina/Desktop/newmavenProject/FistMavenProject/target/classes:/Users/bouteina/.m2/repository/junit/junit/4.11/junit-4.11.jar:/Users/bouteina/.m2/repository/org/hamcrest/hamcrest-core/1.3/hamcrest-core-1.3.jar:/Users/bouteina/.m2/repository/org/openjfx/javafx-controls/13/javafx-controls-13.jar:/Users/bouteina/.m2/repository/org/openjfx/javafx-controls/13/javafx-controls-13-mac.jar:/Users/bouteina/.m2/repository/org/openjfx/javafx-graphics/13/javafx-graphics-13.jar:/Users/bouteina/.m2/repository/org/openjfx/javafx-graphics/13/javafx-graphics-13-mac.jar:/Users/bouteina/.m2/repository/org/openjfx/javafx-base/13/javafx-base-13.jar:/Users/bouteina/.m2/repository/org/openjfx/javafx-base/13/javafx-base-13-mac.jar:"/>
    <property name="sun.cpu.endian" value="little"/>
    <property name="user.home" value="/Users/bouteina"/>
    <property name="user.language" value="en"/>
    <property name="java.specification.vendor" value="Oracle Corporation"/>
    <property name="java.version.date" value="2019-10-15"/>
    <property name="java.home" value="/Library/Java/JavaVirtualMachines/jdk-13.0.1.jdk/Contents/Home"/>
    <property name="file.separator" value="/"/>
    <property name="basedir" value="/Users/bouteina/Desktop/newmavenProject/FistMavenProject"/>
    <property name="java.vm.compressedOopsMode" value="Zero based"/>
    <property name="line.separator" value="&#10;"/>
    <property name="java.specification.name" value="Java Platform API Specification"/>
    <property name="java.vm.specification.vendor" value="Oracle Corporation"/>
    <property name="surefire.real.class.path" value="/Users/bouteina/Desktop/newmavenProject/FistMavenProject/target/surefire/surefirebooter537932640174565700.jar"/>
    <property name="sun.management.compiler" value="HotSpot 64-Bit Tiered Compilers"/>
    <property name="ftp.nonProxyHosts" value="local|*.local|169.254/16|*.169.254/16"/>
    <property name="java.runtime.version" value="13.0.1+9"/>
    <property name="user.name" value="bouteina"/>
    <property name="path.separator" value=":"/>
    <property name="os.version" value="10.13.6"/>
    <property name="java.runtime.name" value="Java(TM) SE Runtime Environment"/>
    <property name="file.encoding" value="UTF-8"/>
    <property name="java.vm.name" value="Java HotSpot(TM) 64-Bit Server VM"/>
    <property name="localRepository" value="/Users/bouteina/.m2/repository"/>
    <property name="java.vendor.url.bug" value="https://bugreport.java.com/bugreport/"/>
    <property name="java.io.tmpdir" value="/var/folders/tn/c192gvyn15b81c4s6n7t4qqw0000gn/T/"/>
    <property name="java.version" value="13.0.1"/>
    <property name="user.dir" value="/Users/bouteina/Desktop/newmavenProject/FistMavenProject"/>
    <property name="os.arch" value="x86_64"/>
    <property name="java.vm.specification.name" value="Java Virtual Machine Specification"/>
    <property name="java.library.path" value="/Users/bouteina/Library/Java/Extensions:/Library/Java/Extensions:/Network/Library/Java/Extensions:/System/Library/Java/Extensions:/usr/lib/java:."/>
    <property name="java.vm.info" value="mixed mode, sharing"/>
    <property name="java.vendor" value="Oracle Corporation"/>
    <property name="java.vm.version" value="13.0.1+9"/>
    <property name="sun.io.unicode.encoding" value="UnicodeBig"/>
    <property name="socksNonProxyHosts" value="local|*.local|169.254/16|*.169.254/16"/>
    <property name="java.class.version" value="57.0"/>
  </properties>
  <testcase name="shouldAnswerWithTrue" classname="com.bouteina.AppTest" time="0.002"/>
</testsuite>